app/build/outputs/logs/manifest-merger-release-report.txt
-- Merging decision tree log ---
manifest
ADDED from src/main/AndroidManifest.xml:2:1-38:12
INJECTED from src/main/AndroidManifest.xml:2:1-38:12
INJECTED from src/main/AndroidManifest.xml:2:1-38:12
INJECTED from src/main/AndroidManifest.xml:2:1-38:12
MERGED from [com.github.LuckSiege.PictureSelector:picture_library:v2.1.9] AndroidManifest.xml:2:1-48:12
MERGED from [com.github.LuckSiege.PictureSelector:ucrop:v2.1.9] AndroidManifest.xml:2:1-12:12
MERGED from [com.android.support:appcompat-v7:28.0.0] AndroidManifest.xml:17:1-22:12
MERGED from [com.android.support.constraint:constraint-layout:1.1.3] AndroidManifest.xml:2:1-11:12
MERGED from [com.github.bumptech.glide:glide:4.8.0] AndroidManifest.xml:2:1-12:12
MERGED from [com.android.support:recyclerview-v7:28.0.0] AndroidManifest.xml:17:1-22:12
MERGED from [com.android.support:animated-vector-drawable:28.0.0] AndroidManifest.xml:17:1-22:12
MERGED from [com.android.support:support-fragment:28.0.0] AndroidManifest.xml:17:1-22:12
MERGED from [com.android.support:support-core-ui:28.0.0] AndroidManifest.xml:17:1-22:12
MERGED from [com.android.support:support-core-utils:28.0.0] AndroidManifest.xml:17:1-22:12
MERGED from [com.android.support:support-vector-drawable:28.0.0] AndroidManifest.xml:17:1-22:12
MERGED from [com.android.support:loader:28.0.0] AndroidManifest.xml:17:1-22:12
MERGED from [com.android.support:viewpager:28.0.0] AndroidManifest.xml:17:1-22:12
MERGED from [com.android.support:coordinatorlayout:28.0.0] AndroidManifest.xml:17:1-22:12
MERGED from [com.android.support:drawerlayout:28.0.0] AndroidManifest.xml:17:1-22:12
MERGED from [com.android.support:slidingpanelayout:28.0.0] AndroidManifest.xml:17:1-22:12
MERGED from [com.android.support:customview:28.0.0] AndroidManifest.xml:17:1-22:12
MERGED from [com.android.support:swiperefreshlayout:28.0.0] AndroidManifest.xml:17:1-22:12
MERGED from [com.android.support:asynclayoutinflater:28.0.0] AndroidManifest.xml:17:1-22:12
MERGED from [com.android.support:support-compat:28.0.0] AndroidManifest.xml:17:1-24:12
MERGED from [com.android.support:versionedparcelable:28.0.0] AndroidManifest.xml:17:1-25:12
MERGED from [com.android.support:cursoradapter:28.0.0] AndroidManifest.xml:17:1-22:12
MERGED from [android.arch.lifecycle:runtime:1.1.1] AndroidManifest.xml:17:1-22:12
MERGED from [com.android.support:documentfile:28.0.0] AndroidManifest.xml:17:1-22:12
MERGED from [com.android.support:localbroadcastmanager:28.0.0] AndroidManifest.xml:17:1-22:12
MERGED from [com.android.support:print:28.0.0] AndroidManifest.xml:17:1-22:12
MERGED from [android.arch.lifecycle:viewmodel:1.1.1] AndroidManifest.xml:17:1-22:12
MERGED from [android.arch.lifecycle:livedata:1.1.1] AndroidManifest.xml:17:1-22:12
MERGED from [android.arch.lifecycle:livedata-core:1.1.1] AndroidManifest.xml:17:1-22:12
MERGED from [android.arch.core:runtime:1.1.1] AndroidManifest.xml:17:1-22:12
MERGED from [com.android.support:interpolator:28.0.0] AndroidManifest.xml:17:1-22:12
MERGED from [com.github.bumptech.glide:gifdecoder:4.8.0] AndroidManifest.xml:2:1-11:12
MERGED from [io.reactivex.rxjava2:rxandroid:2.0.1] AndroidManifest.xml:15:1-21:12
INJECTED from src/main/AndroidManifest.xml:2:1-38:12
INJECTED from src/main/AndroidManifest.xml:2:1-38:12
INJECTED from src/main/AndroidManifest.xml:2:1-38:12
	package
		ADDED from src/main/AndroidManifest.xml:2:58-113
		INJECTED from src/main/AndroidManifest.xml
		INJECTED from src/main/AndroidManifest.xml
	android:versionName
		INJECTED from src/main/AndroidManifest.xml
		ADDED from src/main/AndroidManifest.xml:2:1-38:12
		INJECTED from src/main/AndroidManifest.xml
	xmlns:tools
		ADDED from src/main/AndroidManifest.xml:2:11-57
	android:versionCode
		INJECTED from src/main/AndroidManifest.xml
		ADDED from src/main/AndroidManifest.xml:2:1-38:12
		INJECTED from src/main/AndroidManifest.xml
	xmlns:android
		ADDED from src/main/AndroidManifest.xml:3:11-69
uses-permission#android.permission.INTERNET
ADDED from src/main/AndroidManifest.xml:5:5-67
	android:name
		ADDED from src/main/AndroidManifest.xml:5:22-64
uses-permission#android.permission.ACCESS_NETWORK_STATE
ADDED from src/main/AndroidManifest.xml:6:5-79
	android:name
		ADDED from src/main/AndroidManifest.xml:6:22-76
uses-permission#android.permission.READ_EXTERNAL_STORAGE
ADDED from src/main/AndroidManifest.xml:8:5-79
	android:name
		ADDED from src/main/AndroidManifest.xml:8:22-77
application
ADDED from src/main/AndroidManifest.xml:10:5-36:19
MERGED from [com.github.LuckSiege.PictureSelector:picture_library:v2.1.9] AndroidManifest.xml:11:5-46:19
MERGED from [com.github.LuckSiege.PictureSelector:picture_library:v2.1.9] AndroidManifest.xml:11:5-46:19
MERGED from [com.android.support.constraint:constraint-layout:1.1.3] AndroidManifest.xml:9:5-20
MERGED from [com.android.support.constraint:constraint-layout:1.1.3] AndroidManifest.xml:9:5-20
MERGED from [com.github.bumptech.glide:glide:4.8.0] AndroidManifest.xml:10:5-20
MERGED from [com.github.bumptech.glide:glide:4.8.0] AndroidManifest.xml:10:5-20
MERGED from [com.android.support:support-compat:28.0.0] AndroidManifest.xml:22:5-94
MERGED from [com.android.support:support-compat:28.0.0] AndroidManifest.xml:22:5-94
MERGED from [com.android.support:versionedparcelable:28.0.0] AndroidManifest.xml:22:5-23:19
MERGED from [com.android.support:versionedparcelable:28.0.0] AndroidManifest.xml:22:5-23:19
MERGED from [com.github.bumptech.glide:gifdecoder:4.8.0] AndroidManifest.xml:9:5-20
MERGED from [com.github.bumptech.glide:gifdecoder:4.8.0] AndroidManifest.xml:9:5-20
	android:screenOrientation
		ADDED from src/main/AndroidManifest.xml:16:9-45
	android:appComponentFactory
		ADDED from [com.android.support:support-compat:28.0.0] AndroidManifest.xml:22:18-91
	android:supportsRtl
		ADDED from src/main/AndroidManifest.xml:15:9-35
	android:label
		ADDED from src/main/AndroidManifest.xml:13:9-41
	tools:ignore
		ADDED from src/main/AndroidManifest.xml:19:9-48
	android:roundIcon
		ADDED from src/main/AndroidManifest.xml:14:9-54
	android:icon
		ADDED from src/main/AndroidManifest.xml:12:9-43
	android:allowBackup
		ADDED from src/main/AndroidManifest.xml:11:9-35
	android:theme
		ADDED from src/main/AndroidManifest.xml:18:9-40
	android:usesCleartextTraffic
		ADDED from src/main/AndroidManifest.xml:17:9-44
activity#com.bytedance.android.lesson.restapi.solution.MainActivity
ADDED from src/main/AndroidManifest.xml:20:9-26:20
	android:name
		ADDED from src/main/AndroidManifest.xml:20:19-47
intent-filter#action:name:android.intent.action.MAIN+category:name:android.intent.category.LAUNCHER
ADDED from src/main/AndroidManifest.xml:21:13-25:29
action#android.intent.action.MAIN
ADDED from src/main/AndroidManifest.xml:22:17-68
	android:name
		ADDED from src/main/AndroidManifest.xml:22:25-66
category#android.intent.category.LAUNCHER
ADDED from src/main/AndroidManifest.xml:24:17-76
	android:name
		ADDED from src/main/AndroidManifest.xml:24:27-74
activity#com.bytedance.android.lesson.restapi.solution.Solution2C1Activity
ADDED from src/main/AndroidManifest.xml:27:9-31:20
	android:screenOrientation
		ADDED from src/main/AndroidManifest.xml:28:19-55
	android:label
		ADDED from src/main/AndroidManifest.xml:29:19-56
	android:name
		ADDED from src/main/AndroidManifest.xml:27:19-54
activity#com.bytedance.android.lesson.restapi.solution.Solution2C2Activity
ADDED from src/main/AndroidManifest.xml:32:9-35:20
	android:screenOrientation
		ADDED from src/main/AndroidManifest.xml:33:19-55
	android:label
		ADDED from src/main/AndroidManifest.xml:34:19-56
	android:name
		ADDED from src/main/AndroidManifest.xml:32:19-54
uses-sdk
INJECTED from src/main/AndroidManifest.xml reason: use-sdk injection requested
INJECTED from src/main/AndroidManifest.xml
INJECTED from src/main/AndroidManifest.xml
MERGED from [com.github.LuckSiege.PictureSelector:picture_library:v2.1.9] AndroidManifest.xml:7:5-9:41
MERGED from [com.github.LuckSiege.PictureSelector:picture_library:v2.1.9] AndroidManifest.xml:7:5-9:41
MERGED from [com.github.LuckSiege.PictureSelector:ucrop:v2.1.9] AndroidManifest.xml:8:5-10:41
MERGED from [com.github.LuckSiege.PictureSelector:ucrop:v2.1.9] AndroidManifest.xml:8:5-10:41
MERGED from [com.android.support:appcompat-v7:28.0.0] AndroidManifest.xml:20:5-44
MERGED from [com.android.support:appcompat-v7:28.0.0] AndroidManifest.xml:20:5-44
MERGED from [com.android.support.constraint:constraint-layout:1.1.3] AndroidManifest.xml:5:5-7:41
MERGED from [com.android.support.constraint:constraint-layout:1.1.3] AndroidManifest.xml:5:5-7:41
MERGED from [com.github.bumptech.glide:glide:4.8.0] AndroidManifest.xml:6:5-8:41
MERGED from [com.github.bumptech.glide:glide:4.8.0] AndroidManifest.xml:6:5-8:41
MERGED from [com.android.support:recyclerview-v7:28.0.0] AndroidManifest.xml:20:5-44
MERGED from [com.android.support:recyclerview-v7:28.0.0] AndroidManifest.xml:20:5-44
MERGED from [com.android.support:animated-vector-drawable:28.0.0] AndroidManifest.xml:20:5-44
MERGED from [com.android.support:animated-vector-drawable:28.0.0] AndroidManifest.xml:20:5-44
MERGED from [com.android.support:support-fragment:28.0.0] AndroidManifest.xml:20:5-44
MERGED from [com.android.support:support-fragment:28.0.0] AndroidManifest.xml:20:5-44
MERGED from [com.android.support:support-core-ui:28.0.0] AndroidManifest.xml:20:5-44
MERGED from [com.android.support:support-core-ui:28.0.0] AndroidManifest.xml:20:5-44
MERGED from [com.android.support:support-core-utils:28.0.0] AndroidManifest.xml:20:5-44
MERGED from [com.android.support:support-core-utils:28.0.0] AndroidManifest.xml:20:5-44
MERGED from [com.android.support:support-vector-drawable:28.0.0] AndroidManifest.xml:20:5-44
MERGED from [com.android.support:support-vector-drawable:28.0.0] AndroidManifest.xml:20:5-44
MERGED from [com.android.support:loader:28.0.0] AndroidManifest.xml:20:5-44
MERGED from [com.android.support:loader:28.0.0] AndroidManifest.xml:20:5-44
MERGED from [com.android.support:viewpager:28.0.0] AndroidManifest.xml:20:5-44
MERGED from [com.android.support:viewpager:28.0.0] AndroidManifest.xml:20:5-44
MERGED from [com.android.support:coordinatorlayout:28.0.0] AndroidManifest.xml:20:5-44
MERGED from [com.android.support:coordinatorlayout:28.0.0] AndroidManifest.xml:20:5-44
MERGED from [com.android.support:drawerlayout:28.0.0] AndroidManifest.xml:20:5-44
MERGED from [com.android.support:drawerlayout:28.0.0] AndroidManifest.xml:20:5-44
MERGED from [com.android.support:slidingpanelayout:28.0.0] AndroidManifest.xml:20:5-44
MERGED from [com.android.support:slidingpanelayout:28.0.0] AndroidManifest.xml:20:5-44
MERGED from [com.android.support:customview:28.0.0] AndroidManifest.xml:20:5-44
MERGED from [com.android.support:customview:28.0.0] AndroidManifest.xml:20:5-44
MERGED from [com.android.support:swiperefreshlayout:28.0.0] AndroidManifest.xml:20:5-44
MERGED from [com.android.support:swiperefreshlayout:28.0.0] AndroidManifest.xml:20:5-44
MERGED from [com.android.support:asynclayoutinflater:28.0.0] AndroidManifest.xml:20:5-44
MERGED from [com.android.support:asynclayoutinflater:28.0.0] AndroidManifest.xml:20:5-44
MERGED from [com.android.support:support-compat:28.0.0] AndroidManifest.xml:20:5-44
MERGED from [com.android.support:support-compat:28.0.0] AndroidManifest.xml:20:5-44
MERGED from [com.android.support:versionedparcelable:28.0.0] AndroidManifest.xml:20:5-44
MERGED from [com.android.support:versionedparcelable:28.0.0] AndroidManifest.xml:20:5-44
MERGED from [com.android.support:cursoradapter:28.0.0] AndroidManifest.xml:20:5-44
MERGED from [com.android.support:cursoradapter:28.0.0] AndroidManifest.xml:20:5-44
MERGED from [android.arch.lifecycle:runtime:1.1.1] AndroidManifest.xml:20:5-44
MERGED from [android.arch.lifecycle:runtime:1.1.1] AndroidManifest.xml:20:5-44
MERGED from [com.android.support:documentfile:28.0.0] AndroidManifest.xml:20:5-44
MERGED from [com.android.support:documentfile:28.0.0] AndroidManifest.xml:20:5-44
MERGED from [com.android.support:localbroadcastmanager:28.0.0] AndroidManifest.xml:20:5-44
MERGED from [com.android.support:localbroadcastmanager:28.0.0] AndroidManifest.xml:20:5-44
MERGED from [com.android.support:print:28.0.0] AndroidManifest.xml:20:5-44
MERGED from [com.android.support:print:28.0.0] AndroidManifest.xml:20:5-44
MERGED from [android.arch.lifecycle:viewmodel:1.1.1] AndroidManifest.xml:20:5-44
MERGED from [android.arch.lifecycle:viewmodel:1.1.1] AndroidManifest.xml:20:5-44
MERGED from [android.arch.lifecycle:livedata:1.1.1] AndroidManifest.xml:20:5-44
MERGED from [android.arch.lifecycle:livedata:1.1.1] AndroidManifest.xml:20:5-44
MERGED from [android.arch.lifecycle:livedata-core:1.1.1] AndroidManifest.xml:20:5-44
MERGED from [android.arch.lifecycle:livedata-core:1.1.1] AndroidManifest.xml:20:5-44
MERGED from [android.arch.core:runtime:1.1.1] AndroidManifest.xml:20:5-44
MERGED from [android.arch.core:runtime:1.1.1] AndroidManifest.xml:20:5-44
MERGED from [com.android.support:interpolator:28.0.0] AndroidManifest.xml:20:5-44
MERGED from [com.android.support:interpolator:28.0.0] AndroidManifest.xml:20:5-44
MERGED from [com.github.bumptech.glide:gifdecoder:4.8.0] AndroidManifest.xml:5:5-7:41
MERGED from [com.github.bumptech.glide:gifdecoder:4.8.0] AndroidManifest.xml:5:5-7:41
MERGED from [io.reactivex.rxjava2:rxandroid:2.0.1] AndroidManifest.xml:19:5-43
MERGED from [io.reactivex.rxjava2:rxandroid:2.0.1] AndroidManifest.xml:19:5-43
INJECTED from src/main/AndroidManifest.xml
INJECTED from src/main/AndroidManifest.xml
	android:targetSdkVersion
		INJECTED from src/main/AndroidManifest.xml
		ADDED from src/main/AndroidManifest.xml
		INJECTED from src/main/AndroidManifest.xml
	android:minSdkVersion
		INJECTED from src/main/AndroidManifest.xml
		ADDED from src/main/AndroidManifest.xml
		INJECTED from src/main/AndroidManifest.xml
provider#com.luck.picture.lib.PictureFileProvider
ADDED from [com.github.LuckSiege.PictureSelector:picture_library:v2.1.9] AndroidManifest.xml:12:9-20:20
	android:grantUriPermissions
		ADDED from [com.github.LuckSiege.PictureSelector:picture_library:v2.1.9] AndroidManifest.xml:16:13-47
	android:authorities
		ADDED from [com.github.LuckSiege.PictureSelector:picture_library:v2.1.9] AndroidManifest.xml:14:13-60
	android:exported
		ADDED from [com.github.LuckSiege.PictureSelector:picture_library:v2.1.9] AndroidManifest.xml:15:13-37
	android:name
		ADDED from [com.github.LuckSiege.PictureSelector:picture_library:v2.1.9] AndroidManifest.xml:13:13-68
meta-data#android.support.FILE_PROVIDER_PATHS
ADDED from [com.github.LuckSiege.PictureSelector:picture_library:v2.1.9] AndroidManifest.xml:17:13-19:54
	android:resource
		ADDED from [com.github.LuckSiege.PictureSelector:picture_library:v2.1.9] AndroidManifest.xml:19:17-51
	android:name
		ADDED from [com.github.LuckSiege.PictureSelector:picture_library:v2.1.9] AndroidManifest.xml:18:17-67
activity#com.luck.picture.lib.PictureSelectorActivity
ADDED from [com.github.LuckSiege.PictureSelector:picture_library:v2.1.9] AndroidManifest.xml:22:9-25:55
	android:windowSoftInputMode
		ADDED from [com.github.LuckSiege.PictureSelector:picture_library:v2.1.9] AndroidManifest.xml:25:13-52
	android:theme
		ADDED from [com.github.LuckSiege.PictureSelector:picture_library:v2.1.9] AndroidManifest.xml:24:13-50
	android:name
		ADDED from [com.github.LuckSiege.PictureSelector:picture_library:v2.1.9] AndroidManifest.xml:23:13-72
activity#com.luck.picture.lib.PicturePreviewActivity
ADDED from [com.github.LuckSiege.PictureSelector:picture_library:v2.1.9] AndroidManifest.xml:26:9-28:53
	android:theme
		ADDED from [com.github.LuckSiege.PictureSelector:picture_library:v2.1.9] AndroidManifest.xml:28:13-50
	android:name
		ADDED from [com.github.LuckSiege.PictureSelector:picture_library:v2.1.9] AndroidManifest.xml:27:13-71
activity#com.luck.picture.lib.PictureVideoPlayActivity
ADDED from [com.github.LuckSiege.PictureSelector:picture_library:v2.1.9] AndroidManifest.xml:29:9-33:53
	android:screenOrientation
		ADDED from [com.github.LuckSiege.PictureSelector:picture_library:v2.1.9] AndroidManifest.xml:32:13-47
	android:configChanges
		ADDED from [com.github.LuckSiege.PictureSelector:picture_library:v2.1.9] AndroidManifest.xml:31:13-74
	android:theme
		ADDED from [com.github.LuckSiege.PictureSelector:picture_library:v2.1.9] AndroidManifest.xml:33:13-50
	android:name
		ADDED from [com.github.LuckSiege.PictureSelector:picture_library:v2.1.9] AndroidManifest.xml:30:13-73
activity#com.luck.picture.lib.PictureExternalPreviewActivity
ADDED from [com.github.LuckSiege.PictureSelector:picture_library:v2.1.9] AndroidManifest.xml:34:9-36:53
	android:theme
		ADDED from [com.github.LuckSiege.PictureSelector:picture_library:v2.1.9] AndroidManifest.xml:36:13-50
	android:name
		ADDED from [com.github.LuckSiege.PictureSelector:picture_library:v2.1.9] AndroidManifest.xml:35:13-79
activity#com.yalantis.ucrop.UCropActivity
ADDED from [com.github.LuckSiege.PictureSelector:picture_library:v2.1.9] AndroidManifest.xml:37:9-39:72
	android:theme
		ADDED from [com.github.LuckSiege.PictureSelector:picture_library:v2.1.9] AndroidManifest.xml:39:13-69
	android:name
		ADDED from [com.github.LuckSiege.PictureSelector:picture_library:v2.1.9] AndroidManifest.xml:38:13-60
activity#com.yalantis.ucrop.PictureMultiCuttingActivity
ADDED from [com.github.LuckSiege.PictureSelector:picture_library:v2.1.9] AndroidManifest.xml:40:9-42:72
	android:theme
		ADDED from [com.github.LuckSiege.PictureSelector:picture_library:v2.1.9] AndroidManifest.xml:42:13-69
	android:name
		ADDED from [com.github.LuckSiege.PictureSelector:picture_library:v2.1.9] AndroidManifest.xml:41:13-74
activity#com.luck.picture.lib.PicturePlayAudioActivity
ADDED from [com.github.LuckSiege.PictureSelector:picture_library:v2.1.9] AndroidManifest.xml:43:9-45:72
	android:theme
		ADDED from [com.github.LuckSiege.PictureSelector:picture_library:v2.1.9] AndroidManifest.xml:45:13-69
	android:name
		ADDED from [com.github.LuckSiege.PictureSelector:picture_library:v2.1.9] AndroidManifest.xml:44:13-73